<?xml version="1.0" encoding="UTF-8"?>
<!-- Generated by org.testng.reporters.JUnitReportReporter -->
<testsuite hostname="Livius-MacBook-Air.local" failures="0" tests="1" name="SeleniumTests" time="9.949" errors="0" timestamp="2022-08-18T13:32:28 EEST" skipped="0">
  <testcase classname="SeleniumTests" name="assertTest" time="9.949"/>
  <system-out/>
</testsuite> <!-- SeleniumTests -->
