<?xml version="1.0" encoding="UTF-8"?>
<!-- Generated by org.testng.reporters.JUnitReportReporter -->
<testsuite hostname="Livius-MacBook-Air.local" failures="0" tests="2" name="com.first.pachet.SeleniumAnnotations" time="0.008" errors="0" timestamp="2022-08-18T13:32:28 EEST" skipped="0">
  <testcase classname="com.first.pachet.SeleniumAnnotations" name="test2" time="0.002"/>
  <system-out/>
  <testcase classname="com.first.pachet.SeleniumAnnotations" name="test1" time="0.006"/>
  <system-out/>
</testsuite> <!-- com.first.pachet.SeleniumAnnotations -->
